<?xml version="1.0" encoding="UTF-8"?>
<testng-results total="1" passed="1" failed="0" skipped="0">
  <reporter-output>
  </reporter-output>
  <suite started-at="2022-02-14T10:17:27Z" name="Default suite" finished-at="2022-02-14T10:20:54Z" duration-ms="207012">
    <groups>
    </groups>
    <test started-at="2022-02-14T10:17:27Z" name="Default test" finished-at="2022-02-14T10:20:54Z" duration-ms="207012">
      <class name="check.speed.MainClassMethod">
        <test-method signature="CalledMethod()[pri:0, instance:check.speed.MainClassMethod@7db12bb6]" started-at="2022-02-14T15:47:27Z" name="CalledMethod" finished-at="2022-02-14T15:50:54Z" duration-ms="206999" status="PASS">
          <reporter-output>
          </reporter-output>
        </test-method> <!-- CalledMethod -->
      </class> <!-- check.speed.MainClassMethod -->
    </test> <!-- Default test -->
  </suite> <!-- Default suite -->
</testng-results>
